<?xml version="1.0" encoding="UTF-8"?>
<!-- Generated by org.testng.reporters.JUnitXMLReporter -->
<testsuite hostname="DESKTOP-46E6TOF" ignored="0" name="Test2" tests="2" failures="0" timestamp="2022-07-14T11:37:28 IST" time="5.018" errors="0">
  <testcase name="@BeforeMethod loginToApplicationTest" time="2.127" classname="com.crm.GHYT15.GenericUtility.BaseClass">
    <failure type="org.openqa.selenium.StaleElementReferenceException" message="stale element reference: element is not attached to the page document
  (Session info: chrome=103.0.5060.114)
For documentation on this error, please visit: https://www.seleniumhq.org/exceptions/stale_element_reference.html
Build info: version: &amp;apos;3.141.59&amp;apos;, revision: &amp;apos;e82be7d358&amp;apos;, time: &amp;apos;2018-11-14T08:17:03&amp;apos;
System info: host: &amp;apos;DESKTOP-46E6TOF&amp;apos;, ip: &amp;apos;192.168.43.34&amp;apos;, os.name: &amp;apos;Windows 10&amp;apos;, os.arch: &amp;apos;amd64&amp;apos;, os.version: &amp;apos;10.0&amp;apos;, java.version: &amp;apos;1.8.0_291&amp;apos;
Driver info: org.openqa.selenium.chrome.ChromeDriver
Capabilities {acceptInsecureCerts: false, browserName: chrome, browserVersion: 103.0.5060.114, chrome: {chromedriverVersion: 102.0.5005.61 (0e59bcc00cc4..., userDataDir: C:\Users\Admin\AppData\Loca...}, goog:chromeOptions: {debuggerAddress: localhost:54854}, javascriptEnabled: true, networkConnectionEnabled: false, pageLoadStrategy: normal, platform: WINDOWS, platformName: WINDOWS, proxy: Proxy(), setWindowRect: true, strictFileInteractability: false, timeouts: {implicit: 0, pageLoad: 300000, script: 30000}, unhandledPromptBehavior: dismiss and notify, webauthn:extension:credBlob: true, webauthn:extension:largeBlob: true, webauthn:virtualAuthenticators: true}
Session ID: 7601e215d01bd5d84e07a46846a9bc63">
      <![CDATA[org.openqa.selenium.StaleElementReferenceException: stale element reference: element is not attached to the page document
  (Session info: chrome=103.0.5060.114)
For documentation on this error, please visit: https://www.seleniumhq.org/exceptions/stale_element_reference.html
Build info: version: '3.141.59', revision: 'e82be7d358', time: '2018-11-14T08:17:03'
System info: host: 'DESKTOP-46E6TOF', ip: '192.168.43.34', os.name: 'Windows 10', os.arch: 'amd64', os.version: '10.0', java.version: '1.8.0_291'
Driver info: org.openqa.selenium.chrome.ChromeDriver
Capabilities {acceptInsecureCerts: false, browserName: chrome, browserVersion: 103.0.5060.114, chrome: {chromedriverVersion: 102.0.5005.61 (0e59bcc00cc4..., userDataDir: C:\Users\Admin\AppData\Loca...}, goog:chromeOptions: {debuggerAddress: localhost:54854}, javascriptEnabled: true, networkConnectionEnabled: false, pageLoadStrategy: normal, platform: WINDOWS, platformName: WINDOWS, proxy: Proxy(), setWindowRect: true, strictFileInteractability: false, timeouts: {implicit: 0, pageLoad: 300000, script: 30000}, unhandledPromptBehavior: dismiss and notify, webauthn:extension:credBlob: true, webauthn:extension:largeBlob: true, webauthn:virtualAuthenticators: true}
Session ID: 7601e215d01bd5d84e07a46846a9bc63
at org.openqa.selenium.remote.http.W3CHttpResponseCodec.createException(W3CHttpResponseCodec.java:187)
at org.openqa.selenium.remote.http.W3CHttpResponseCodec.decode(W3CHttpResponseCodec.java:122)
at org.openqa.selenium.remote.http.W3CHttpResponseCodec.decode(W3CHttpResponseCodec.java:49)
at org.openqa.selenium.remote.HttpCommandExecutor.execute(HttpCommandExecutor.java:158)
at org.openqa.selenium.remote.service.DriverCommandExecutor.execute(DriverCommandExecutor.java:83)
at org.openqa.selenium.remote.RemoteWebDriver.execute(RemoteWebDriver.java:552)
at org.openqa.selenium.remote.RemoteWebElement.execute(RemoteWebElement.java:285)
at org.openqa.selenium.remote.RemoteWebElement.click(RemoteWebElement.java:84)
at org.openqa.selenium.support.pagefactory.internal.LocatingElementHandler.invoke(LocatingElementHandler.java:51)
at com.sun.proxy.$Proxy13.click(Unknown Source)
at com.crm.GHYT15.POMrepository.LoginPage.LoginToApplication(LoginPage.java:43)
at com.crm.GHYT15.GenericUtility.BaseClass.loginToApplicationTest(BaseClass.java:77)
at java.util.ArrayList.forEach(ArrayList.java:1259)
at java.util.concurrent.FutureTask.run(FutureTask.java:266)
at java.util.concurrent.ThreadPoolExecutor.runWorker(ThreadPoolExecutor.java:1149)
at java.util.concurrent.ThreadPoolExecutor$Worker.run(ThreadPoolExecutor.java:624)
at java.lang.Thread.run(Thread.java:748)
... Removed 30 stack frames]]>
    </failure>
  </testcase> <!-- @BeforeMethod loginToApplicationTest -->
  <testcase name="@AfterMethod logoutToApplicatioTest" time="-1.657778848144E9" classname="com.crm.GHYT15.GenericUtility.BaseClass">
    <skipped/>
  </testcase> <!-- @AfterMethod logoutToApplicatioTest -->
  <testcase name="@BeforeMethod loginToApplicationTest" time="-1.657778848148E9" classname="com.crm.GHYT15.GenericUtility.BaseClass">
    <skipped/>
  </testcase> <!-- @BeforeMethod loginToApplicationTest -->
  <testcase name="@AfterMethod logoutToApplicatioTest" time="-1.657778848157E9" classname="com.crm.GHYT15.GenericUtility.BaseClass">
    <skipped/>
  </testcase> <!-- @AfterMethod logoutToApplicatioTest -->
  <testcase name="@AfterClass CloseBrowser" time="-1.657778848159E9" classname="com.crm.GHYT15.GenericUtility.BaseClass">
    <skipped/>
  </testcase> <!-- @AfterClass CloseBrowser -->
  <testcase name="createAndDeletetheContactTest" time="0.0" classname="Sample.ContactTest">
    <skipped/>
  </testcase> <!-- createAndDeletetheContactTest -->
  <testcase name="createContactTest" time="0.0" classname="Sample.ContactTest">
    <skipped/>
  </testcase> <!-- createContactTest -->
</testsuite> <!-- Test2 -->
